title: , artist: , playing: false
title: Fie să renască, artist: Phoenix, playing: false
title: Fie să renască, artist: Phoenix, playing: false
title: Fie să renască, artist: Phoenix, playing: true
title: Fie să renască, artist: Phoenix, playing: true
title: Fie să renască, artist: Phoenix, playing: false
title: Fie să renască, artist: Phoenix, playing: false
title: Fie să renască, artist: Phoenix, playing: true
title: Fie să renască, artist: Phoenix, playing: true
title: , artist: , playing: false
title: Vis pierdut, artist: IRIS, playing: true
title: Vis pierdut, artist: IRIS, playing: true
title: Vis pierdut, artist: IRIS, playing: true
title: Vis pierdut, artist: IRIS, playing: true
title: Vis pierdut, artist: IRIS, playing: false
title: Vis pierdut, artist: IRIS, playing: false
title: Vis pierdut, artist: IRIS, playing: false
title: Vis pierdut, artist: IRIS, playing: true
title: Vis pierdut, artist: IRIS, playing: true
title: Vis pierdut, artist: IRIS, playing: true
title: Vis pierdut, artist: IRIS, playing: true
title: Vis pierdut, artist: IRIS, playing: true
title: Vis pierdut, artist: IRIS, playing: false
title: Vis pierdut, artist: IRIS, playing: false
title: , artist: , playing: false
title: , artist: , playing: true
title: Fenomene Paranormale Pe Care Nu Trebuie Sa Le Vezi, artist: Paul Dadrian, playing: true
title: Fenomene Paranormale Pe Care Nu Trebuie Sa Le Vezi, artist: Paul Dadrian, playing: true
title: Fenomene Paranormale Pe Care Nu Trebuie Sa Le Vezi, artist: Paul Dadrian, playing: false
title: Fenomene Paranormale Pe Care Nu Trebuie Sa Le Vezi, artist: Paul Dadrian, playing: false
title: Fenomene Paranormale Pe Care Nu Trebuie Sa Le Vezi, artist: Paul Dadrian, playing: false
title: Fenomene Paranormale Pe Care Nu Trebuie Sa Le Vezi, artist: Paul Dadrian, playing: true
title: Fenomene Paranormale Pe Care Nu Trebuie Sa Le Vezi, artist: Paul Dadrian, playing: true
title: Fenomene Paranormale Pe Care Nu Trebuie Sa Le Vezi, artist: Paul Dadrian, playing: false
title: Fenomene Paranormale Pe Care Nu Trebuie Sa Le Vezi, artist: Paul Dadrian, playing: false
title: Fenomene Paranormale Pe Care Nu Trebuie Sa Le Vezi, artist: Paul Dadrian, playing: true
title: Fenomene Paranormale Pe Care Nu Trebuie Sa Le Vezi, artist: Paul Dadrian, playing: true
title: Fenomene Paranormale Pe Care Nu Trebuie Sa Le Vezi, artist: Paul Dadrian, playing: false
title: Fenomene Paranormale Pe Care Nu Trebuie Sa Le Vezi, artist: Paul Dadrian, playing: false
title: , artist: , playing: false
title: Noah's Playground, artist: , playing: true
title: Friendly Fire #35 | Încuiată în Titanic, Justiția Amenință Icebergul 🚢, artist: Friendly Fire cu Moise și Vlad, playing: true
title: Friendly Fire #35 | Încuiată în Titanic, Justiția Amenință Icebergul 🚢, artist: Friendly Fire cu Moise și Vlad, playing: false
title: Friendly Fire #35 | Încuiată în Titanic, Justiția Amenință Icebergul 🚢, artist: Friendly Fire cu Moise și Vlad, playing: false
title: Friendly Fire #35 | Încuiată în Titanic, Justiția Amenință Icebergul 🚢, artist: Friendly Fire cu Moise și Vlad, playing: true
title: You Can't Call Yourself a Diesel Driver Until You KNOW This!, artist: Car Expertly, playing: true
title: You Can't Call Yourself a Diesel Driver Until You KNOW This!, artist: Car Expertly, playing: true
title: You Can't Call Yourself a Diesel Driver Until You KNOW This!, artist: Car Expertly, playing: false
Invalid JSON value type in dictionary for key 'duration': nan (__NSCFNumber)
title: You Can't Call Yourself a Diesel Driver Until You KNOW This!, artist: Car Expertly, playing: false
Invalid JSON value type in dictionary for key 'duration': nan (__NSCFNumber)
title: Friendly Fire #35 | Încuiată în Titanic, Justiția Amenință Icebergul 🚢, artist: Friendly Fire cu Moise și Vlad, playing: false
title: Friendly Fire #35 | Încuiată în Titanic, Justiția Amenință Icebergul 🚢, artist: Friendly Fire cu Moise și Vlad, playing: false
title: Friendly Fire #35 | Încuiată în Titanic, Justiția Amenință Icebergul 🚢, artist: Friendly Fire cu Moise și Vlad, playing: false
title: , artist: , playing: false
title: Fenomene Paranormale Pe Care Nu Trebuie Sa Le Vezi, artist: Paul Dadrian, playing: false
title: , artist: , playing: false
title: Friendly Fire #35 | Încuiată în Titanic, Justiția Amenință Icebergul 🚢, artist: Friendly Fire cu Moise și Vlad, playing: true
title: Hazbin Hotel, artist: 2.5 - Silenced, playing: true
title: Hazbin Hotel, artist: 2.5 - Silenced, playing: true
title: Hazbin Hotel, artist: 2.5 - Silenced, playing: false
title: Hazbin Hotel, artist: 2.5 - Silenced, playing: false
title: Hazbin Hotel, artist: 2.5 - Silenced, playing: false
title: Hazbin Hotel, artist: 2.5 - Silenced, playing: true
title: Hazbin Hotel, artist: 2.5 - Silenced, playing: true
title: Hazbin Hotel, artist: 2.5 - Silenced, playing: false
title: Hazbin Hotel, artist: 2.5 - Silenced, playing: false
title: Hazbin Hotel, artist: 2.5 - Silenced, playing: true
title: Hazbin Hotel, artist: 2.5 - Silenced, playing: true
title: Hazbin Hotel, artist: 2.5 - Silenced, playing: false
title: Hazbin Hotel, artist: 2.5 - Silenced, playing: false
title: Hazbin Hotel, artist: 2.5 - Silenced, playing: true
title: Hazbin Hotel, artist: 2.5 - Silenced, playing: true
title: Hazbin Hotel, artist: 2.5 - Silenced, playing: false
title: Hazbin Hotel, artist: 2.5 - Silenced, playing: false
title: Hazbin Hotel, artist: 2.5 - Silenced, playing: true
title: Hazbin Hotel, artist: 2.5 - Silenced, playing: true
title: Hazbin Hotel, artist: 2.5 - Silenced, playing: true
title: Hazbin Hotel, artist: 2.5 - Silenced, playing: false
title: Hazbin Hotel, artist: 2.5 - Silenced, playing: false
title: Hazbin Hotel, artist: 2.5 - Silenced, playing: true
title: Hazbin Hotel, artist: 2.5 - Silenced, playing: true
title: Hazbin Hotel, artist: 2.5 - Silenced, playing: false
title: Hazbin Hotel, artist: 2.5 - Silenced, playing: false
title: Hazbin Hotel, artist: 2.5 - Silenced, playing: true
title: Hazbin Hotel, artist: 2.5 - Silenced, playing: true
title: Hazbin Hotel, artist: 2.5 - Silenced, playing: true
title: Hazbin Hotel, artist: 2.5 - Silenced, playing: false
title: Hazbin Hotel, artist: 2.5 - Silenced, playing: false
title: Hazbin Hotel, artist: 2.5 - Silenced, playing: true
title: Hazbin Hotel, artist: 2.5 - Silenced, playing: true
title: Hazbin Hotel, artist: 2.5 - Silenced, playing: false
title: Hazbin Hotel, artist: 2.5 - Silenced, playing: false
title: Hazbin Hotel, artist: 2.5 - Silenced, playing: true
title: Hazbin Hotel, artist: 2.5 - Silenced, playing: true
title: Hazbin Hotel, artist: 2.5 - Silenced, playing: false
title: Hazbin Hotel, artist: 2.5 - Silenced, playing: false
title: Hazbin Hotel, artist: 2.5 - Silenced, playing: true
title: Reddit - The heart of the internet, artist: 2.5 - Silenced, playing: true
title: Reddit - The heart of the internet, artist: 2.5 - Silenced, playing: true
title: Reddit - The heart of the internet, artist: 2.5 - Silenced, playing: false
title: Reddit - The heart of the internet, artist: 2.5 - Silenced, playing: false
title: Hazbin Hotel, artist: 2.5 - Silenced, playing: false
title: Hazbin Hotel, artist: 2.5 - Silenced, playing: false
